crawl_courses_data 3305 Nhóm nghiên cứu của thầy NTTMKhang
crawl_courses_data 3897 Introduction to Natural Language Processing
crawl_courses_data 5020 Cuộc thi học thuật MMT&TT
crawl_courses_data 5021 Nhập môn lập trình (lớp bổ túc)
crawl_courses_data 5601 Kiến trúc máy tính 4.0
crawl_courses_data list index out of range
crawl_courses_data list index out of range
crawl_courses_data list index out of range
crawl_courses_data list index out of range
crawl_courses_data list index out of range
crawl_courses_data 6253 Nhập môn Mạch số 4.0
crawl_courses_data 6254 Hệ điều hành 4.0
crawl_courses_data 6267 Thủ lĩnh sinh viên vòng loại online
crawl_courses_data list index out of range
crawl_courses_data list index out of range
crawl_courses_data list index out of range
crawl_courses_data list index out of range
crawl_courses_data list index out of range
crawl_courses_data list index out of range
crawl_courses_data list index out of range
crawl_courses_data list index out of range
crawl_courses_data list index out of range
crawl_courses_data list index out of range
crawl_courses_data list index out of range
crawl_courses_data list index out of range
crawl_courses_data list index out of range
crawl_courses_data list index out of range
crawl_courses_data list index out of range
crawl_courses_data list index out of range
crawl_courses_data 7593  CE434.L21: Chuyên đề thiết kế hệ vi mạch 1
crawl_courses_data list index out of range
crawl_courses_data list index out of range
crawl_courses_data list index out of range
crawl_courses_data list index out of range
crawl_courses_data list index out of range
crawl_courses_data 7726 Chia sẻ phương pháp, kinh nghiệm giảng dạy
crawl_courses_data list index out of range
crawl_courses_data list index out of range
crawl_courses_data list index out of range
crawl_courses_data list index out of range
crawl_courses_data list index out of range
crawl_courses_data list index out of range
crawl_courses_data list index out of range
crawl_courses_data 8547 Nhập môn lập trình 4.0
crawl_courses_data 8548 Lập trình Hướng đối tượng 4.0
crawl_courses_data 8549 Nhập môn Mạng máy tính 4.0
crawl_courses_data 8550 Đại số tuyến tính 4.0
crawl_courses_data 8551 Máy học 4.0
crawl_courses_data 8552 Phân tích Dữ liệu kinh doanh 4.0
crawl_courses_data 8553 Cơ sở dữ liệu 4.0
crawl_courses_data 8554 Công nghệ lập trình đa nền tảng cho ứng dụng di động 4.0
crawl_courses_data 8555 Lập trình trực quan 4.0
crawl_courses_data 8556 Lập Trình Trên Thiết Bị Di Động 4.0
crawl_courses_data 8557 Phương pháp Phát triển phần mềm hướng đối tượng 4.0
crawl_courses_data 8558 Phát triển ứng dụng Web 4.0
crawl_courses_data 8559 Thương mại điện tử 4.0
crawl_courses_data 8560 Cơ sở hạ tầng Công nghệ thông tin 4.0
crawl_courses_data 8561 Trí tuệ nhân tạo 4.0
crawl_courses_data 8562 Các kĩ thuật học sâu và ứng dụng 4.0
crawl_courses_data 8563 Các thiết bị và Mạch điện tử 4.0
crawl_courses_data 8564 Thiết kế hệ Thống Nhúng 4.0
crawl_courses_data 8565 Công nghệ JAVA 4.0
crawl_courses_data 8566 Thiết kế giao diện người dùng 4.0
crawl_courses_data 8567 Internet và công nghệ Web 4.0
crawl_courses_data 8568 Quản trị mạng và hệ thống 4.0
crawl_courses_data 8569 Lập trình mạng căn bản 4.0
crawl_courses_data 8570 Bảo mật Internet 4.0
crawl_courses_data 8571 Phân tích thiết kế hệ thống thông tin 4.0
crawl_courses_data 8572 Điện toán đám mây 4.0
crawl_courses_data 8573 Ngôn ngữ lập trình Java 4.0
crawl_courses_data 8575 Cấu trúc dữ liệu và giải thuật 4.0
crawl_courses_data 8579 English Flipped Classroom
crawl_courses_data 8625 COMPOSITION 1
crawl_courses_data list index out of range
crawl_courses_data list index out of range
crawl_courses_data list index out of range
crawl_courses_data list index out of range
crawl_courses_data list index out of range
crawl_courses_data list index out of range
crawl_courses_data list index out of range
crawl_courses_data list index out of range
crawl_courses_data list index out of range
crawl_courses_data list index out of range
crawl_user_data 'NoneType' object has no attribute 'group' 351
crawl_user_data 'NoneType' object has no attribute 'find' 354
crawl_user_data 'NoneType' object has no attribute 'find' 395
crawl_user_data 'NoneType' object has no attribute 'find' 434
crawl_user_data 'NoneType' object has no attribute 'group' 455
crawl_user_data 'NoneType' object has no attribute 'find' 466
crawl_user_data 'NoneType' object has no attribute 'group' 524
crawl_user_data 'NoneType' object has no attribute 'group' 4318
crawl_user_data 'NoneType' object has no attribute 'group' 4331
crawl_user_data 'NoneType' object has no attribute 'group' 4340
crawl_user_data 'NoneType' object has no attribute 'group' 4351
crawl_user_data 'NoneType' object has no attribute 'group' 4358
crawl_user_data 'NoneType' object has no attribute 'find' 4359
crawl_user_data 'NoneType' object has no attribute 'find' 4382
crawl_user_data 'NoneType' object has no attribute 'find' 4384
crawl_user_data 'NoneType' object has no attribute 'find' 5380
crawl_user_data 'NoneType' object has no attribute 'group' 5431
crawl_user_data 'NoneType' object has no attribute 'find' 5433
crawl_user_data 'NoneType' object has no attribute 'find' 6413
crawl_user_data 'NoneType' object has no attribute 'find' 6459
crawl_user_data 'NoneType' object has no attribute 'find' 6490
crawl_user_data 'NoneType' object has no attribute 'find' 6498
crawl_user_data 'NoneType' object has no attribute 'find' 6532
crawl_user_data 'NoneType' object has no attribute 'find' 7609
crawl_user_data 'NoneType' object has no attribute 'find' 7722
crawl_user_data 'NoneType' object has no attribute 'find' 7741
crawl_user_data 'NoneType' object has no attribute 'find' 7754
crawl_user_data 'NoneType' object has no attribute 'find' 7757
crawl_user_data 'NoneType' object has no attribute 'find' 7762
crawl_user_data 'NoneType' object has no attribute 'group' 8032
crawl_user_data 'NoneType' object has no attribute 'find' 8415
crawl_user_data 'NoneType' object has no attribute 'group' 8836
crawl_user_data 'NoneType' object has no attribute 'find' 8847
crawl_user_data 'NoneType' object has no attribute 'find' 8848
crawl_user_data 'NoneType' object has no attribute 'find' 8864
crawl_user_data 'NoneType' object has no attribute 'find' 8871
crawl_user_data 'NoneType' object has no attribute 'find' 8880
crawl_user_data 'NoneType' object has no attribute 'find' 10056
crawl_user_data 'NoneType' object has no attribute 'find' 10072
crawl_user_data 'NoneType' object has no attribute 'find' 10073
crawl_user_data 'NoneType' object has no attribute 'find' 10093
crawl_user_data 'NoneType' object has no attribute 'find' 10094
crawl_user_data 'NoneType' object has no attribute 'find' 10107
crawl_user_data 'NoneType' object has no attribute 'find' 10108
crawl_user_data 'NoneType' object has no attribute 'find' 10110
crawl_user_data 'NoneType' object has no attribute 'find' 10111
crawl_user_data 'NoneType' object has no attribute 'find' 10114
crawl_user_data 'NoneType' object has no attribute 'find' 10116
crawl_user_data 'NoneType' object has no attribute 'find' 10117
crawl_user_data 'NoneType' object has no attribute 'find' 10118
crawl_user_data 'NoneType' object has no attribute 'find' 10119
crawl_user_data 'NoneType' object has no attribute 'find' 10120
crawl_user_data 'NoneType' object has no attribute 'find' 10121
crawl_user_data 'NoneType' object has no attribute 'find' 10123
crawl_user_data 'NoneType' object has no attribute 'find' 10124
crawl_user_data 'NoneType' object has no attribute 'find' 10125
crawl_user_data 'NoneType' object has no attribute 'find' 10126
crawl_user_data 'NoneType' object has no attribute 'find' 10127
crawl_user_data 'NoneType' object has no attribute 'find' 10136
crawl_user_data 'NoneType' object has no attribute 'find' 10138
crawl_user_data 'NoneType' object has no attribute 'find' 10143
crawl_user_data 'NoneType' object has no attribute 'find' 10149
crawl_user_data 'NoneType' object has no attribute 'find' 10152
crawl_user_data 'NoneType' object has no attribute 'find' 11073
crawl_user_data 'NoneType' object has no attribute 'find' 11589
crawl_user_data 'NoneType' object has no attribute 'find' 11600
crawl_user_data 'NoneType' object has no attribute 'find' 11603
crawl_user_data 'NoneType' object has no attribute 'find' 11604
crawl_user_data 'NoneType' object has no attribute 'find' 11605
crawl_user_data 'NoneType' object has no attribute 'find' 11606
crawl_user_data 'NoneType' object has no attribute 'find' 11607
crawl_user_data 'NoneType' object has no attribute 'find' 11609
crawl_user_data 'NoneType' object has no attribute 'find' 11611
crawl_user_data 'NoneType' object has no attribute 'find' 11613
crawl_user_data 'NoneType' object has no attribute 'find' 11614
crawl_user_data 'NoneType' object has no attribute 'find' 11616
crawl_user_data 'NoneType' object has no attribute 'find' 11628
crawl_user_data 'NoneType' object has no attribute 'find' 11663
crawl_user_data 'NoneType' object has no attribute 'find' 11664
crawl_user_data 'NoneType' object has no attribute 'find' 11665
crawl_user_data 'NoneType' object has no attribute 'find' 11666
crawl_user_data 'NoneType' object has no attribute 'find' 11669
crawl_user_data 'NoneType' object has no attribute 'find' 11670
crawl_user_data 'NoneType' object has no attribute 'find' 11676
crawl_user_data 'NoneType' object has no attribute 'find' 11677
crawl_user_data 'NoneType' object has no attribute 'find' 12762
crawl_user_data 'NoneType' object has no attribute 'group' 15508
crawl_user_data 'NoneType' object has no attribute 'group' 15509
crawl_user_data 'NoneType' object has no attribute 'group' 15510
crawl_user_data 'NoneType' object has no attribute 'group' 15511
crawl_user_data 'NoneType' object has no attribute 'group' 15512
crawl_user_data 'NoneType' object has no attribute 'group' 15513
crawl_user_data 'NoneType' object has no attribute 'group' 15514
crawl_user_data 'NoneType' object has no attribute 'group' 15515
crawl_user_data 'NoneType' object has no attribute 'group' 15516
crawl_user_data 'NoneType' object has no attribute 'group' 15517
crawl_user_data 'NoneType' object has no attribute 'group' 15518
